Build started 6/13/2018 3:50:27 PM.
     1>Project "C:\Users\Abyik\Desktop\AbbyLacy-CSC350_Rasterizer(with notes)\CSC350_Rasterizer\CSC350_Rasterizer.vcxproj" on node 2 (Build target(s)).
     1>ClCompile:
         C:\Program Files (x86)\Microsoft Visual Studio 12.0\VC\bin\CL.exe /c /ZI /nologo /W3 /WX- /sdl /Od /Oy- /D _MBCS /Gm /EHsc /RTC1 /MDd /GS /fp:precise /Zc:wchar_t /Zc:forScope /Fo"Debug\\" /Fd"Debug\vc120.pdb" /Gd /TP /analyze- /errorReport:prompt Model.cpp Raster.cpp main.cpp
         Skipping... (no relevant changes detected)
         main.cpp
         Raster.cpp
         Model.cpp
       Link:
         C:\Program Files (x86)\Microsoft Visual Studio 12.0\VC\bin\link.exe /ERRORREPORT:PROMPT /OUT:"C:\Users\Abyik\Desktop\AbbyLacy-CSC350_Rasterizer(with notes)\Debug\CSC350_Rasterizer.exe" /INCREMENTAL /NOLOGO kernel32.lib user32.lib gdi32.lib winspool.lib comdlg32.lib advapi32.lib shell32.lib ole32.lib oleaut32.lib uuid.lib odbc32.lib odbccp32.lib /MANIFEST /MANIFESTUAC:"level='asInvoker' uiAccess='false'" /manifest:embed /DEBUG /PDB:"C:\Users\Abyik\Desktop\AbbyLacy-CSC350_Rasterizer(with notes)\Debug\CSC350_Rasterizer.pdb" /TLBID:1 /DYNAMICBASE /NXCOMPAT /IMPLIB:"C:\Users\Abyik\Desktop\AbbyLacy-CSC350_Rasterizer(with notes)\Debug\CSC350_Rasterizer.lib" /MACHINE:X86 Debug\Color.obj
         Debug\main.obj
         Debug\Matrix.obj
         Debug\Model.obj
         Debug\Raster.obj
         Debug\Triangle2D.obj
         Debug\Vector.obj
         CSC350_Rasterizer.vcxproj -> C:\Users\Abyik\Desktop\AbbyLacy-CSC350_Rasterizer(with notes)\Debug\CSC350_Rasterizer.exe
     1>Done Building Project "C:\Users\Abyik\Desktop\AbbyLacy-CSC350_Rasterizer(with notes)\CSC350_Rasterizer\CSC350_Rasterizer.vcxproj" (Build target(s)).

Build succeeded.

Time Elapsed 00:00:04.23
